# JRE version: OpenJDK Runtime Environment GraalVM CE 22.3.0 (17.0.5+8) (build 17.0.5+8-jvmci-22.3-b08)
# Java VM: OpenJDK 64-Bit Server VM GraalVM CE 22.3.0 (17.0.5+8-jvmci-22.3-b08, mixed mode, sharing, tiered, jvmci, jvmci compiler, compressed oops, compressed class ptrs, parallel gc, linux-amd64)
GC Precious Log:
 CPUs: 4 total, 1 available
 Memory: 1024M
 Large Page Support: Disabled
 NUMA Support: Disabled
 Compressed Oops: Enabled (32-bit)
 Alignments: Space 512K, Generation 512K, Heap 2M
 Heap Min Capacity: 100M
 Heap Initial Capacity: 100M
 Heap Max Capacity: 512M
 Pre-touch: Disabled
 Parallel Workers: 1
Heap:
 PSYoungGen      total 54784K, used 39936K [0x00000000f5580000, 0x00000000f9b80000, 0x0000000100000000)
  eden space 39936K, 100% used [0x00000000f5580000,0x00000000f7c80000,0x00000000f7c80000)
  from space 14848K, 0% used [0x00000000f7c80000,0x00000000f7c80000,0x00000000f8b00000)
  to   space 13312K, 0% used [0x00000000f8b80000,0x00000000f8b80000,0x00000000f9880000)
 ParOldGen       total 349696K, used 349695K [0x00000000e0000000, 0x00000000f5580000, 0x00000000f5580000)
  object space 349696K, 99% used [0x00000000e0000000,0x00000000f557fff0,0x00000000f5580000)
 Metaspace       used 54911K, committed 55936K, reserved 1105920K
  class space    used 5258K, committed 5696K, reserved 1048576K
GC Heap History (20 events):
Event: 1905.913 GC heap before
{Heap before GC invocations=542 (full 448):
 PSYoungGen      total 54784K, used 39935K [0x00000000f5580000, 0x00000000f9b80000, 0x0000000100000000)
  eden space 39936K, 99% used [0x00000000f5580000,0x00000000f7c7fff8,0x00000000f7c80000)
  from space 14848K, 0% used [0x00000000f7c80000,0x00000000f7c80000,0x00000000f8b00000)
  to   space 13312K, 0% used [0x00000000f8b80000,0x00000000f8b80000,0x00000000f9880000)
 ParOldGen       total 349696K, used 349695K [0x00000000e0000000, 0x00000000f5580000, 0x00000000f5580000)
  object space 349696K, 99% used [0x00000000e0000000,0x00000000f557ffd8,0x00000000f5580000)
 Metaspace       used 54911K, committed 55936K, reserved 1105920K
  class space    used 5258K, committed 5696K, reserved 1048576K
}
Event: 1907.936 GC heap after
{Heap after GC invocations=542 (full 448):
 PSYoungGen      total 53248K, used 39935K [0x00000000f5580000, 0x00000000f9b80000, 0x0000000100000000)
  eden space 39936K, 99% used [0x00000000f5580000,0x00000000f7c7fe80,0x00000000f7c80000)
  from space 13312K, 0% used [0x00000000f8b80000,0x00000000f8b80000,0x00000000f9880000)
  to   space 14848K, 0% used [0x00000000f7c80000,0x00000000f7c80000,0x00000000f8b00000)
 ParOldGen       total 349696K, used 349695K [0x00000000e0000000, 0x00000000f5580000, 0x00000000f5580000)
  object space 349696K, 99% used [0x00000000e0000000,0x00000000f557fda0,0x00000000f5580000)
 Metaspace       used 54911K, committed 55936K, reserved 1105920K
  class space    used 5258K, committed 5696K, reserved 1048576K
}
Event: 1907.937 GC heap before
{Heap before GC invocations=543 (full 449):
 PSYoungGen      total 53248K, used 39935K [0x00000000f5580000, 0x00000000f9b80000, 0x0000000100000000)
  eden space 39936K, 99% used [0x00000000f5580000,0x00000000f7c7ffe8,0x00000000f7c80000)
  from space 13312K, 0% used [0x00000000f8b80000,0x00000000f8b80000,0x00000000f9880000)
  to   space 14848K, 0% used [0x00000000f7c80000,0x00000000f7c80000,0x00000000f8b00000)
 ParOldGen       total 349696K, used 349695K [0x00000000e0000000, 0x00000000f5580000, 0x00000000f5580000)
  object space 349696K, 99% used [0x00000000e0000000,0x00000000f557fda0,0x00000000f5580000)
 Metaspace       used 54911K, committed 55936K, reserved 1105920K
  class space    used 5258K, committed 5696K, reserved 1048576K
}
Event: 1909.934 GC heap after
{Heap after GC invocations=543 (full 449):
 PSYoungGen      total 54784K, used 39935K [0x00000000f5580000, 0x00000000f9b80000, 0x0000000100000000)
  eden space 39936K, 99% used [0x00000000f5580000,0x00000000f7c7ffe8,0x00000000f7c80000)
  from space 14848K, 0% used [0x00000000f7c80000,0x00000000f7c80000,0x00000000f8b00000)
  to   space 13312K, 0% used [0x00000000f8b80000,0x00000000f8b80000,0x00000000f9880000)
 ParOldGen       total 349696K, used 349695K [0x00000000e0000000, 0x00000000f5580000, 0x00000000f5580000)
  object space 349696K, 99% used [0x00000000e0000000,0x00000000f557fda0,0x00000000f5580000)
 Metaspace       used 54911K, committed 55936K, reserved 1105920K
  class space    used 5258K, committed 5696K, reserved 1048576K
}
Event: 1909.939 GC heap before
{Heap before GC invocations=544 (full 450):
 PSYoungGen      total 54784K, used 39936K [0x00000000f5580000, 0x00000000f9b80000, 0x0000000100000000)
  eden space 39936K, 100% used [0x00000000f5580000,0x00000000f7c80000,0x00000000f7c80000)
  from space 14848K, 0% used [0x00000000f7c80000,0x00000000f7c80000,0x00000000f8b00000)
  to   space 13312K, 0% used [0x00000000f8b80000,0x00000000f8b80000,0x00000000f9880000)
 ParOldGen       total 349696K, used 349695K [0x00000000e0000000, 0x00000000f5580000, 0x00000000f5580000)
  object space 349696K, 99% used [0x00000000e0000000,0x00000000f557fff8,0x00000000f5580000)
 Metaspace       used 54911K, committed 55936K, reserved 1105920K
  class space    used 5258K, committed 5696K, reserved 1048576K
}
Event: 1911.658 GC heap after
{Heap after GC invocations=544 (full 450):
 PSYoungGen      total 53248K, used 39936K [0x00000000f5580000, 0x00000000f9b80000, 0x0000000100000000)
  eden space 39936K, 100% used [0x00000000f5580000,0x00000000f7c80000,0x00000000f7c80000)
  from space 13312K, 0% used [0x00000000f8b80000,0x00000000f8b80000,0x00000000f9880000)
  to   space 14848K, 0% used [0x00000000f7c80000,0x00000000f7c80000,0x00000000f8b00000)
 ParOldGen       total 349696K, used 349695K [0x00000000e0000000, 0x00000000f5580000, 0x00000000f5580000)
  object space 349696K, 99% used [0x00000000e0000000,0x00000000f557ffd8,0x00000000f5580000)
 Metaspace       used 54911K, committed 55936K, reserved 1105920K
  class space    used 5258K, committed 5696K, reserved 1048576K
}
Event: 1911.658 GC heap before
{Heap before GC invocations=545 (full 451):
 PSYoungGen      total 53248K, used 39936K [0x00000000f5580000, 0x00000000f9b80000, 0x0000000100000000)
  eden space 39936K, 100% used [0x00000000f5580000,0x00000000f7c80000,0x00000000f7c80000)
  from space 13312K, 0% used [0x00000000f8b80000,0x00000000f8b80000,0x00000000f9880000)
  to   space 14848K, 0% used [0x00000000f7c80000,0x00000000f7c80000,0x00000000f8b00000)
 ParOldGen       total 349696K, used 349695K [0x00000000e0000000, 0x00000000f5580000, 0x00000000f5580000)
  object space 349696K, 99% used [0x00000000e0000000,0x00000000f557ffd8,0x00000000f5580000)
 Metaspace       used 54911K, committed 55936K, reserved 1105920K
  class space    used 5258K, committed 5696K, reserved 1048576K
}
Event: 1913.257 GC heap after
{Heap after GC invocations=545 (full 451):
 PSYoungGen      total 54784K, used 39936K [0x00000000f5580000, 0x00000000f9b80000, 0x0000000100000000)
  eden space 39936K, 100% used [0x00000000f5580000,0x00000000f7c80000,0x00000000f7c80000)
  from space 14848K, 0% used [0x00000000f7c80000,0x00000000f7c80000,0x00000000f8b00000)
  to   space 13312K, 0% used [0x00000000f8b80000,0x00000000f8b80000,0x00000000f9880000)
 ParOldGen       total 349696K, used 349695K [0x00000000e0000000, 0x00000000f5580000, 0x00000000f5580000)
  object space 349696K, 99% used [0x00000000e0000000,0x00000000f557ffd8,0x00000000f5580000)
 Metaspace       used 54911K, committed 55936K, reserved 1105920K
  class space    used 5258K, committed 5696K, reserved 1048576K
}
Event: 1913.261 GC heap before
{Heap before GC invocations=546 (full 452):
 PSYoungGen      total 54784K, used 39936K [0x00000000f5580000, 0x00000000f9b80000, 0x0000000100000000)
  eden space 39936K, 100% used [0x00000000f5580000,0x00000000f7c80000,0x00000000f7c80000)
  from space 14848K, 0% used [0x00000000f7c80000,0x00000000f7c80000,0x00000000f8b00000)
  to   space 13312K, 0% used [0x00000000f8b80000,0x00000000f8b80000,0x00000000f9880000)
 ParOldGen       total 349696K, used 349695K [0x00000000e0000000, 0x00000000f5580000, 0x00000000f5580000)
  object space 349696K, 99% used [0x00000000e0000000,0x00000000f557ffd8,0x00000000f5580000)
 Metaspace       used 54911K, committed 55936K, reserved 1105920K
  class space    used 5258K, committed 5696K, reserved 1048576K
}
Event: 1915.068 GC heap after
{Heap after GC invocations=546 (full 452):
 PSYoungGen      total 53248K, used 39935K [0x00000000f5580000, 0x00000000f9b80000, 0x0000000100000000)
  eden space 39936K, 99% used [0x00000000f5580000,0x00000000f7c7ffe0,0x00000000f7c80000)
  from space 13312K, 0% used [0x00000000f8b80000,0x00000000f8b80000,0x00000000f9880000)
  to   space 14848K, 0% used [0x00000000f7c80000,0x00000000f7c80000,0x00000000f8b00000)
 ParOldGen       total 349696K, used 349695K [0x00000000e0000000, 0x00000000f5580000, 0x00000000f5580000)
  object space 349696K, 99% used [0x00000000e0000000,0x00000000f557ffb8,0x00000000f5580000)
 Metaspace       used 54911K, committed 55936K, reserved 1105920K
  class space    used 5258K, committed 5696K, reserved 1048576K
}
Event: 1915.068 GC heap before
{Heap before GC invocations=547 (full 453):
 PSYoungGen      total 53248K, used 39935K [0x00000000f5580000, 0x00000000f9b80000, 0x0000000100000000)
  eden space 39936K, 99% used [0x00000000f5580000,0x00000000f7c7ffe0,0x00000000f7c80000)
  from space 13312K, 0% used [0x00000000f8b80000,0x00000000f8b80000,0x00000000f9880000)
  to   space 14848K, 0% used [0x00000000f7c80000,0x00000000f7c80000,0x00000000f8b00000)
 ParOldGen       total 349696K, used 349695K [0x00000000e0000000, 0x00000000f5580000, 0x00000000f5580000)
  object space 349696K, 99% used [0x00000000e0000000,0x00000000f557ffb8,0x00000000f5580000)
 Metaspace       used 54911K, committed 55936K, reserved 1105920K
  class space    used 5258K, committed 5696K, reserved 1048576K
}
Event: 1916.839 GC heap after
{Heap after GC invocations=547 (full 453):
 PSYoungGen      total 54784K, used 39935K [0x00000000f5580000, 0x00000000f9b80000, 0x0000000100000000)
  eden space 39936K, 99% used [0x00000000f5580000,0x00000000f7c7ffe0,0x00000000f7c80000)
  from space 14848K, 0% used [0x00000000f7c80000,0x00000000f7c80000,0x00000000f8b00000)
  to   space 13312K, 0% used [0x00000000f8b80000,0x00000000f8b80000,0x00000000f9880000)
 ParOldGen       total 349696K, used 349695K [0x00000000e0000000, 0x00000000f5580000, 0x00000000f5580000)
  object space 349696K, 99% used [0x00000000e0000000,0x00000000f557ffb8,0x00000000f5580000)
 Metaspace       used 54911K, committed 55936K, reserved 1105920K
  class space    used 5258K, committed 5696K, reserved 1048576K
}
Event: 1916.842 GC heap before
{Heap before GC invocations=548 (full 454):
 PSYoungGen      total 54784K, used 39936K [0x00000000f5580000, 0x00000000f9b80000, 0x0000000100000000)
  eden space 39936K, 100% used [0x00000000f5580000,0x00000000f7c80000,0x00000000f7c80000)
  from space 14848K, 0% used [0x00000000f7c80000,0x00000000f7c80000,0x00000000f8b00000)
  to   space 13312K, 0% used [0x00000000f8b80000,0x00000000f8b80000,0x00000000f9880000)
 ParOldGen       total 349696K, used 349695K [0x00000000e0000000, 0x00000000f5580000, 0x00000000f5580000)
  object space 349696K, 99% used [0x00000000e0000000,0x00000000f557ffb8,0x00000000f5580000)
 Metaspace       used 54911K, committed 55936K, reserved 1105920K
  class space    used 5258K, committed 5696K, reserved 1048576K
}
Event: 1918.987 GC heap after
{Heap after GC invocations=548 (full 454):
 PSYoungGen      total 53248K, used 39935K [0x00000000f5580000, 0x00000000f9b80000, 0x0000000100000000)
  eden space 39936K, 99% used [0x00000000f5580000,0x00000000f7c7ffe0,0x00000000f7c80000)
  from space 13312K, 0% used [0x00000000f8b80000,0x00000000f8b80000,0x00000000f9880000)
  to   space 14848K, 0% used [0x00000000f7c80000,0x00000000f7c80000,0x00000000f8b00000)
 ParOldGen       total 349696K, used 349695K [0x00000000e0000000, 0x00000000f5580000, 0x00000000f5580000)
  object space 349696K, 99% used [0x00000000e0000000,0x00000000f557ffb8,0x00000000f5580000)
 Metaspace       used 54911K, committed 55936K, reserved 1105920K
  class space    used 5258K, committed 5696K, reserved 1048576K
}
Event: 1918.987 GC heap before
{Heap before GC invocations=549 (full 455):
 PSYoungGen      total 53248K, used 39935K [0x00000000f5580000, 0x00000000f9b80000, 0x0000000100000000)
  eden space 39936K, 99% used [0x00000000f5580000,0x00000000f7c7ffe0,0x00000000f7c80000)
  from space 13312K, 0% used [0x00000000f8b80000,0x00000000f8b80000,0x00000000f9880000)
  to   space 14848K, 0% used [0x00000000f7c80000,0x00000000f7c80000,0x00000000f8b00000)
 ParOldGen       total 349696K, used 349695K [0x00000000e0000000, 0x00000000f5580000, 0x00000000f5580000)
  object space 349696K, 99% used [0x00000000e0000000,0x00000000f557ffb8,0x00000000f5580000)
 Metaspace       used 54911K, committed 55936K, reserved 1105920K
  class space    used 5258K, committed 5696K, reserved 1048576K
}
Event: 1921.721 GC heap after
{Heap after GC invocations=549 (full 455):
 PSYoungGen      total 54784K, used 39935K [0x00000000f5580000, 0x00000000f9b80000, 0x0000000100000000)
  eden space 39936K, 99% used [0x00000000f5580000,0x00000000f7c7ffe0,0x00000000f7c80000)
  from space 14848K, 0% used [0x00000000f7c80000,0x00000000f7c80000,0x00000000f8b00000)
  to   space 13312K, 0% used [0x00000000f8b80000,0x00000000f8b80000,0x00000000f9880000)
 ParOldGen       total 349696K, used 349695K [0x00000000e0000000, 0x00000000f5580000, 0x00000000f5580000)
  object space 349696K, 99% used [0x00000000e0000000,0x00000000f557ffb8,0x00000000f5580000)
 Metaspace       used 54911K, committed 55936K, reserved 1105920K
  class space    used 5258K, committed 5696K, reserved 1048576K
}
Event: 1921.730 GC heap before
{Heap before GC invocations=550 (full 456):
 PSYoungGen      total 54784K, used 39936K [0x00000000f5580000, 0x00000000f9b80000, 0x0000000100000000)
  eden space 39936K, 100% used [0x00000000f5580000,0x00000000f7c80000,0x00000000f7c80000)
  from space 14848K, 0% used [0x00000000f7c80000,0x00000000f7c80000,0x00000000f8b00000)
  to   space 13312K, 0% used [0x00000000f8b80000,0x00000000f8b80000,0x00000000f9880000)
 ParOldGen       total 349696K, used 349695K [0x00000000e0000000, 0x00000000f5580000, 0x00000000f5580000)
  object space 349696K, 99% used [0x00000000e0000000,0x00000000f557fff0,0x00000000f5580000)
 Metaspace       used 54911K, committed 55936K, reserved 1105920K
  class space    used 5258K, committed 5696K, reserved 1048576K
}
Event: 1923.633 GC heap after
{Heap after GC invocations=550 (full 456):
 PSYoungGen      total 53248K, used 39936K [0x00000000f5580000, 0x00000000f9b80000, 0x0000000100000000)
  eden space 39936K, 100% used [0x00000000f5580000,0x00000000f7c80000,0x00000000f7c80000)
  from space 13312K, 0% used [0x00000000f8b80000,0x00000000f8b80000,0x00000000f9880000)
  to   space 14848K, 0% used [0x00000000f7c80000,0x00000000f7c80000,0x00000000f8b00000)
 ParOldGen       total 349696K, used 349695K [0x00000000e0000000, 0x00000000f5580000, 0x00000000f5580000)
  object space 349696K, 99% used [0x00000000e0000000,0x00000000f557fff0,0x00000000f5580000)
 Metaspace       used 54911K, committed 55936K, reserved 1105920K
  class space    used 5258K, committed 5696K, reserved 1048576K
}
Event: 1923.633 GC heap before
{Heap before GC invocations=551 (full 457):
 PSYoungGen      total 53248K, used 39936K [0x00000000f5580000, 0x00000000f9b80000, 0x0000000100000000)
  eden space 39936K, 100% used [0x00000000f5580000,0x00000000f7c80000,0x00000000f7c80000)
  from space 13312K, 0% used [0x00000000f8b80000,0x00000000f8b80000,0x00000000f9880000)
  to   space 14848K, 0% used [0x00000000f7c80000,0x00000000f7c80000,0x00000000f8b00000)
 ParOldGen       total 349696K, used 349695K [0x00000000e0000000, 0x00000000f5580000, 0x00000000f5580000)
  object space 349696K, 99% used [0x00000000e0000000,0x00000000f557fff0,0x00000000f5580000)
 Metaspace       used 54911K, committed 55936K, reserved 1105920K
  class space    used 5258K, committed 5696K, reserved 1048576K
}
Event: 1925.150 GC heap after
{Heap after GC invocations=551 (full 457):
 PSYoungGen      total 54784K, used 39936K [0x00000000f5580000, 0x00000000f9b80000, 0x0000000100000000)
  eden space 39936K, 100% used [0x00000000f5580000,0x00000000f7c80000,0x00000000f7c80000)
  from space 14848K, 0% used [0x00000000f7c80000,0x00000000f7c80000,0x00000000f8b00000)
  to   space 13312K, 0% used [0x00000000f8b80000,0x00000000f8b80000,0x00000000f9880000)
 ParOldGen       total 349696K, used 349695K [0x00000000e0000000, 0x00000000f5580000, 0x00000000f5580000)
  object space 349696K, 99% used [0x00000000e0000000,0x00000000f557fff0,0x00000000f5580000)
 Metaspace       used 54911K, committed 55936K, reserved 1105920K
  class space    used 5258K, committed 5696K, reserved 1048576K
}

